#
# There is insufficient memory for the Java Runtime Environment to continue.
# Native memory allocation (mmap) failed to map 266338304 bytes. Error detail: G1 virtual space
# Possible reasons:
#   The system is out of physical RAM or swap space
#   This process is running with CompressedOops enabled, and the Java Heap may be blocking the growth of the native heap
# Possible solutions:
#   Reduce memory load on the system
#   Increase physical memory or swap space
#   Check if swap backing store is full
#   Decrease Java heap size (-Xmx/-Xms)
#   Decrease number of Java threads
#   Decrease Java thread stack sizes (-Xss)
#   Set larger code cache with -XX:ReservedCodeCacheSize=
#   JVM is running with Zero Based Compressed Oops mode in which the Java heap is
#     placed in the first 32GB address space. The Java Heap base address is the
#     maximum limit for the native heap growth. Please use -XX:HeapBaseMinAddress
#     to set the Java Heap base and to place the Java Heap above 32GB virtual address.
# This output file may be truncated or incomplete.
#
#  Out of Memory Error (os_windows.cpp:3703), pid=13592, tid=14696
#
# JRE version:  (23.0+37) (build )
# Java VM: Java HotSpot(TM) 64-Bit Server VM (23+37-2369, mixed mode, sharing, tiered, compressed oops, compressed class ptrs, g1 gc, windows-amd64)
# No core dump will be written. Minidumps are not enabled by default on client versions of Windows
#

---------------  S U M M A R Y ------------

Command Line: es.etg.psp.Dam1

Host: Intel(R) Core(TM) i5-8265U CPU @ 1.60GHz, 8 cores, 15G,  Windows 10 , 64 bit Build 19041 (10.0.19041.5072)
Time: Sat Nov 23 12:37:06 2024 Hora estándar romance elapsed time: 0.906395 seconds (0d 0h 0m 0s)

---------------  T H R E A D  ---------------

Current thread (0x0000017107e6b930):  JavaThread "Unknown thread" [_thread_in_vm, id=14696, stack(0x0000003270600000,0x0000003270700000) (1024K)]

Stack: [0x0000003270600000,0x0000003270700000]
Native frames: (J=compiled Java code, j=interpreted, Vv=VM code, C=native code)
V  [jvm.dll+0x6e08a9]  (no source info available)
V  [jvm.dll+0x87da63]  (no source info available)
V  [jvm.dll+0x87feee]  (no source info available)
V  [jvm.dll+0x8805c3]  (no source info available)
V  [jvm.dll+0x27aee6]  (no source info available)
V  [jvm.dll+0x6dd1b5]  (no source info available)
V  [jvm.dll+0x6d103a]  (no source info available)
V  [jvm.dll+0x35b3ea]  (no source info available)
V  [jvm.dll+0x3637f6]  (no source info available)
V  [jvm.dll+0x34fd5e]  (no source info available)
V  [jvm.dll+0x34fff8]  (no source info available)
V  [jvm.dll+0x3289cc]  (no source info available)
V  [jvm.dll+0x32966e]  (no source info available)
V  [jvm.dll+0x8442e5]  (no source info available)
V  [jvm.dll+0x3b9848]  (no source info available)
V  [jvm.dll+0x82d0dc]  (no source info available)
V  [jvm.dll+0x454d4e]  (no source info available)
V  [jvm.dll+0x456bd1]  (no source info available)
C  [jli.dll+0x52a3]  (no source info available)
C  [ucrtbase.dll+0x21bb2]  (no source info available)
C  [KERNEL32.DLL+0x17374]  (no source info available)
C  [ntdll.dll+0x4cc91]  (no source info available)

Lock stack of current Java thread (top to bottom):


---------------  P R O C E S S  ---------------

Threads class SMR info:
_java_thread_list=0x00007ff9399a3618, length=0, elements={
}

Java Threads: ( => current thread )
Total: 0

Other Threads:
  0x000001710aa647a0 WorkerThread "GC Thread#0"                     [id=14740, stack(0x0000003270700000,0x0000003270800000) (1024K)]
  0x000001710aa794d0 ConcurrentGCThread "G1 Main Marker"            [id=14744, stack(0x0000003270800000,0x0000003270900000) (1024K)]
  0x000001710aa7adb0 WorkerThread "G1 Conc#0"                       [id=14708, stack(0x0000003270900000,0x0000003270a00000) (1024K)]

[error occurred during error reporting (printing all threads), id 0xc0000005, EXCEPTION_ACCESS_VIOLATION (0xc0000005) at pc=0x00007ff9390ebfba]
VM state: not at safepoint (not fully initialized)

VM Mutex/Monitor currently owned by a thread:  ([mutex/lock_event])
[0x00007ff939a23a10] Heap_lock - owner thread: 0x0000017107e6b930

Heap address: 0x0000000702800000, size: 4056 MB, Compressed Oops mode: Zero based, Oop shift amount: 3

CDS archive(s) mapped at: [0x0000000000000000-0x0000000000000000-0x0000000000000000), size 0, SharedBaseAddress: 0x0000000800000000, ArchiveRelocationMode: 1.
Narrow klass base: 0x0000000000000000, Narrow klass shift: 0, Narrow klass range: 0x0

GC Precious Log:
 CardTable entry size: 512
 Card Set container configuration: InlinePtr #cards 4 size 8 Array Of Cards #cards 16 size 48 Howl #buckets 8 coarsen threshold 3686 Howl Bitmap #cards 512 size 80 coarsen threshold 460 Card regions per heap region 1 cards per card region 4096

Heap:
 garbage-first heap   total reserved 4153344K, committed 0K, used 0K [0x0000000702800000, 0x0000000800000000)
  region size 2048K, 0 young (0K), 0 survivors (0K)

[error occurred during error reporting (printing heap information), id 0xc0000005, EXCEPTION_ACCESS_VIOLATION (0xc0000005) at pc=0x00007ff9394ec3b9]
GC Heap History (0 events):
No events

Dll operation events (1 events):
Event: 0.086 Loaded shared library C:\Program Files\Java\jdk-23\bin\java.dll

Deoptimization events (0 events):
No events

Classes loaded (0 events):
No events

Classes unloaded (0 events):
No events

Classes redefined (0 events):
No events

Internal exceptions (0 events):
No events

VM Operations (0 events):
No events

Memory protections (0 events):
No events

Nmethod flushes (0 events):
No events

Events (0 events):
No events


Dynamic libraries:
0x00007ff7d7620000 - 0x00007ff7d7630000 	C:\Program Files\Java\jdk-23\bin\java.exe
0x00007ff9aeb70000 - 0x00007ff9aed68000 	C:\Windows\SYSTEM32\ntdll.dll
0x00007ff9ad0d0000 - 0x00007ff9ad192000 	C:\Windows\System32\KERNEL32.DLL
0x00007ff9ac240000 - 0x00007ff9ac53e000 	C:\Windows\System32\KERNELBASE.dll
0x00007ff9ac800000 - 0x00007ff9ac900000 	C:\Windows\System32\ucrtbase.dll
0x00007ff9a7da0000 - 0x00007ff9a7db7000 	C:\Program Files\Java\jdk-23\bin\jli.dll
0x00007ff9a7d40000 - 0x00007ff9a7d5b000 	C:\Program Files\Java\jdk-23\bin\VCRUNTIME140.dll
0x00007ff9ad270000 - 0x00007ff9ad40d000 	C:\Windows\System32\USER32.dll
0x00007ff9ac210000 - 0x00007ff9ac232000 	C:\Windows\System32\win32u.dll
0x00007ff9ad230000 - 0x00007ff9ad25b000 	C:\Windows\System32\GDI32.dll
0x00007ff9ac6e0000 - 0x00007ff9ac7f7000 	C:\Windows\System32\gdi32full.dll
0x00007ff9aca60000 - 0x00007ff9acafd000 	C:\Windows\System32\msvcp_win.dll
0x00007ff993290000 - 0x00007ff99352a000 	C:\Windows\WinSxS\amd64_microsoft.windows.common-controls_6595b64144ccf1df_6.0.19041.4355_none_60b8b9eb71f62e16\COMCTL32.dll
0x00007ff9ae4e0000 - 0x00007ff9ae57e000 	C:\Windows\System32\msvcrt.dll
0x00007ff9ae450000 - 0x00007ff9ae47f000 	C:\Windows\System32\IMM32.DLL
0x00007ff993f00000 - 0x00007ff99405a000 	\\?\BhCUqZHrMqZvPTlzosXd\GLOBAL??\C:\Windows\system32\tmumh\20019\AddOn\8.55.0.1333\TmUmEvt64.dll
0x00007ff9ae380000 - 0x00007ff9ae388000 	C:\Windows\System32\PSAPI.DLL
0x00007ff9ae390000 - 0x00007ff9ae441000 	C:\Windows\System32\ADVAPI32.dll
0x00007ff9acbb0000 - 0x00007ff9acc4f000 	C:\Windows\System32\sechost.dll
0x00007ff9ace60000 - 0x00007ff9acf83000 	C:\Windows\System32\RPCRT4.dll
0x00007ff9ac5f0000 - 0x00007ff9ac617000 	C:\Windows\System32\bcrypt.dll
0x000000006bb30000 - 0x000000006bcae000 	\\?\BhCUqZHrMqZvPTlzosXd\GLOBAL??\C:\Windows\system32\tmumh\20019\TmMon\2.9.0.1176\tmmon64.dll
0x00007ff9a7de0000 - 0x00007ff9a7dec000 	C:\Program Files\Java\jdk-23\bin\vcruntime140_1.dll
0x00007ff985090000 - 0x00007ff98511e000 	C:\Program Files\Java\jdk-23\bin\msvcp140.dll
0x00007ff938db0000 - 0x00007ff939aff000 	C:\Program Files\Java\jdk-23\bin\server\jvm.dll
0x00007ff9ad9e0000 - 0x00007ff9ada4b000 	C:\Windows\System32\WS2_32.dll
0x00007ff9ac070000 - 0x00007ff9ac0bb000 	C:\Windows\SYSTEM32\POWRPROF.dll
0x00007ff993920000 - 0x00007ff993947000 	C:\Windows\SYSTEM32\WINMM.dll
0x00007ff9a5740000 - 0x00007ff9a574a000 	C:\Windows\SYSTEM32\VERSION.dll
0x00007ff9ac050000 - 0x00007ff9ac062000 	C:\Windows\SYSTEM32\UMPDC.dll
0x00007ff9aaa30000 - 0x00007ff9aaa42000 	C:\Windows\SYSTEM32\kernel.appcore.dll
0x00007ff9a7d30000 - 0x00007ff9a7d3a000 	C:\Program Files\Java\jdk-23\bin\jimage.dll
0x00007ff9a9f70000 - 0x00007ff9aa154000 	C:\Windows\SYSTEM32\DBGHELP.DLL
0x00007ff98b840000 - 0x00007ff98b874000 	C:\Windows\SYSTEM32\dbgcore.DLL
0x00007ff9acb00000 - 0x00007ff9acb82000 	C:\Windows\System32\bcryptPrimitives.dll
0x00007ff9a7d10000 - 0x00007ff9a7d2e000 	C:\Program Files\Java\jdk-23\bin\java.dll
0x00007ff9ae8e0000 - 0x00007ff9aea0b000 	C:\Windows\System32\ole32.dll
0x00007ff9ae580000 - 0x00007ff9ae8d3000 	C:\Windows\System32\combase.dll
0x00007ff9ada50000 - 0x00007ff9ae1bd000 	C:\Windows\System32\SHELL32.dll

dbghelp: loaded successfully - version: 4.0.5 - missing functions: none
symbol engine: initialized successfully - sym options: 0x614 - pdb path: .;C:\Program Files\Java\jdk-23\bin;C:\Windows\SYSTEM32;C:\Windows\WinSxS\amd64_microsoft.windows.common-controls_6595b64144ccf1df_6.0.19041.4355_none_60b8b9eb71f62e16;\\?\BhCUqZHrMqZvPTlzosXd\GLOBAL??\C:\Windows\system32\tmumh\20019\AddOn\8.55.0.1333;\\?\BhCUqZHrMqZvPTlzosXd\GLOBAL??\C:\Windows\system32\tmumh\20019\TmMon\2.9.0.1176;C:\Program Files\Java\jdk-23\bin\server

VM Arguments:
java_command: es.etg.psp.Dam1
java_class_path (initial): .
Launcher Type: SUN_STANDARD

[Global flags]
     intx CICompilerCount                          = 4                                         {product} {ergonomic}
     uint ConcGCThreads                            = 2                                         {product} {ergonomic}
     uint G1ConcRefinementThreads                  = 8                                         {product} {ergonomic}
   size_t G1HeapRegionSize                         = 2097152                                   {product} {ergonomic}
   size_t InitialHeapSize                          = 266338304                                 {product} {ergonomic}
   size_t MarkStackSize                            = 4194304                                   {product} {ergonomic}
   size_t MarkStackSizeMax                         = 536870912                                 {product} {ergonomic}
   size_t MaxHeapSize                              = 4253024256                                {product} {ergonomic}
   size_t MinHeapDeltaBytes                        = 2097152                                   {product} {ergonomic}
   size_t MinHeapSize                              = 8388608                                   {product} {ergonomic}
    uintx NonNMethodCodeHeapSize                   = 5832704                                {pd product} {ergonomic}
    uintx NonProfiledCodeHeapSize                  = 122945536                              {pd product} {ergonomic}
    uintx ProfiledCodeHeapSize                     = 122880000                              {pd product} {ergonomic}
    uintx ReservedCodeCacheSize                    = 251658240                              {pd product} {ergonomic}
     bool SegmentedCodeCache                       = true                                      {product} {ergonomic}
   size_t SoftMaxHeapSize                          = 4253024256                             {manageable} {ergonomic}
     bool UseCompressedOops                        = true                           {product lp64_product} {ergonomic}
     bool UseG1GC                                  = true                                      {product} {ergonomic}
     bool UseLargePagesIndividualAllocation        = false                                  {pd product} {ergonomic}

Logging:
Log output configuration:
 #0: stdout all=warning uptime,level,tags foldmultilines=false
 #1: stderr all=off uptime,level,tags foldmultilines=false

Environment Variables:
JAVA_HOME=C:\Program Files\Java\jdk-23
PATH=C:\Program Files\Common Files\Oracle\Java\javapath;C:\Windows\system32;C:\Windows;C:\Windows\System32\Wbem;C:\Windows\System32\WindowsPowerShell\v1.0\;C:\Windows\System32\OpenSSH\;C:\Program Files\AutoFirma\AutoFirma;C:\Program Files\Git\cmd;C:\Program Files\Java\javafx-sdk-23\lib;C:\Program Files\Java\jdk-23\bin;C:\Program Files\Microsoft SQL Server\150\Tools\Binn\;C:\Program Files\Microsoft SQL Server\Client SDK\ODBC\170\Tools\Binn\;C:\Program Files\dotnet\;C:\Users\KOB0000K\AppData\Local\Microsoft\WindowsApps;C:\Users\KOB0000K\AppData\Local\Programs\Microsoft VS Code\bin;C:\Users\KOB0000K\.dotnet\tools
USERNAME=KOB0000K
LANG=en_US.UTF-8
OS=Windows_NT
PROCESSOR_IDENTIFIER=Intel64 Family 6 Model 142 Stepping 11, GenuineIntel
TMP=C:\Users\KOB0000K\AppData\Local\Temp
TEMP=C:\Users\KOB0000K\AppData\Local\Temp




Periodic native trim disabled

---------------  S Y S T E M  ---------------

OS:
 Windows 10 , 64 bit Build 19041 (10.0.19041.5072)
OS uptime: 0 days 0:53 hours

CPU: total 8 (initial active 8) (4 cores per cpu, 2 threads per core) family 6 model 142 stepping 11 microcode 0xf4, cx8, cmov, fxsr, ht, mmx, 3dnowpref, sse, sse2, sse3, ssse3, sse4.1, sse4.2, popcnt, lzcnt, tsc, tscinvbit, avx, avx2, aes, erms, clmul, bmi1, bmi2, adx, fma, vzeroupper, clflush, clflushopt, rdtscp, f16c
Processor Information for the first 8 processors :
  Max Mhz: 1800, Current Mhz: 1600, Mhz Limit: 1584

Memory: 4k page, system-wide physical 16222M (9589M free)
TotalPageFile size 26678M (AvailPageFile size 6314M)
current process WorkingSet (physical memory assigned to process): 15M, peak: 15M
current process commit charge ("private bytes"): 64M, peak: 317M

vm_info: Java HotSpot(TM) 64-Bit Server VM (23+37-2369) for windows-amd64 JRE (23+37-2369), built on 2024-08-20T16:01:23Z with MS VC++ 17.6 (VS2022)

END.
